10	1
166	1
``	2
''	2
20	1
$	3
.	5
50	1
,	6
a	1
also	1
Another	1
are	2
as	1
assets	3
at	1
bad	1
bailout	2
be	4
billion	3
bonds	1
budget	1
But	1
can	1
capital	1
clearly	1
Cooke	1
created	1
David	1
debt	1
deficit	1
director	1
executive	1
financing	1
for	1
from	1
has	1
in	2
including	1
interest	2
It	1
keep	1
law	1
leaving	1
lower	1
maintain	1
new	1
of	2
off	1
or	1
order	1
over	1
paid	1
pay	1
problem	1
raised	1
rates	1
requires	1
resolved	1
RTC	2
's	1
said	1
separately	1
sold	3
spending	2
swelling	1
system	1
That	1
that	2
the	10
This	1
thrifts	1
through	1
to	3
total	1
Treasury	1
until	1
was	1
which	1
working	1
would	2
years	1
